[ 2020-04-01 11:20:09.550 x_fence_sync ERROR ] Failed to trigger the fence (X error 136 XSyncBadFence request 134 minor 15 serial 1878)
[ 2020-04-01 11:20:09.550 paint_all ERROR ] x_fence_sync failed, xrender-sync-fence will be disabled from now on.
[ 2020-04-01 11:23:24.766 x_fence_sync ERROR ] Failed to trigger the fence (X error 136 XSyncBadFence request 134 minor 15 serial 1890)
[ 2020-04-01 11:23:24.766 paint_all ERROR ] x_fence_sync failed, xrender-sync-fence will be disabled from now on.
[ 2020-04-01 11:26:37.995 x_fence_sync ERROR ] Failed to trigger the fence (X error 136 XSyncBadFence request 134 minor 15 serial 1802)
[ 2020-04-01 11:26:37.995 paint_all ERROR ] x_fence_sync failed, xrender-sync-fence will be disabled from now on.
[ 2020-04-01 11:28:35.730 glx_bind_pixmap ERROR ] Failed to query info of pixmap 0x010002d9.
[ 2020-04-01 11:28:35.730 paint_one ERROR ] Failed to bind texture for window 0x00e0000d.
[ 2020-04-01 11:28:35.730 paint_one ERROR ] Window 0x00e0000d is missing painting data.
[ 2020-04-01 11:36:18.826 glx_bind_pixmap ERROR ] Failed to query info of pixmap 0x01000267.
[ 2020-04-01 11:36:18.826 paint_one ERROR ] Failed to bind texture for window 0x00e00001.
[ 2020-04-01 11:36:18.826 paint_one ERROR ] Window 0x00e00001 is missing painting data.
[ 2020-04-01 11:36:18.864 session_init FATAL ERROR ] Another composite manager is already running
[ 2020-04-01 11:36:25.422 session_init FATAL ERROR ] Another composite manager is already running
[ 2020-04-01 11:36:32.709 session_init FATAL ERROR ] Another composite manager is already running
[ 2020-04-01 11:37:08.273 session_init FATAL ERROR ] Another composite manager is already running
[ 2020-04-01 11:37:08.312 glx_bind_pixmap ERROR ] Failed to query info of pixmap 0x010002b0.
[ 2020-04-01 11:37:08.312 paint_one ERROR ] Failed to bind texture for window 0x00200079.
[ 2020-04-01 11:37:08.312 paint_one ERROR ] Window 0x00200079 is missing painting data.
[ 2020-04-01 11:37:51.759 session_init FATAL ERROR ] Another composite manager is already running
[ 2020-04-01 11:40:33.495 init_render WARN ] Old backends only support blur method "kernel". Your blur setting will not be applied
[ 2020-04-01 11:40:38.254 glx_bind_pixmap ERROR ] Failed to query info of pixmap 0x0100028f.
[ 2020-04-01 11:40:38.254 paint_one ERROR ] Failed to bind texture for window 0x00200078.
[ 2020-04-01 11:40:38.254 paint_one ERROR ] Window 0x00200078 is missing painting data.
[ 2020-04-01 11:40:38.303 session_init FATAL ERROR ] Another composite manager is already running
[ 2020-04-01 11:40:51.152 init_render WARN ] Old backends only support blur method "kernel". Your blur setting will not be applied
[ 2020-04-01 11:55:58.523 init_render WARN ] Old backends only support blur method "kernel". Your blur setting will not be applied
[ 2020-04-01 11:58:26.839 init_render WARN ] Old backends only support blur method "kernel". Your blur setting will not be applied
[ 2020-04-01 12:04:04.572 session_init FATAL ERROR ] Another composite manager is already running
[ 2020-04-01 12:07:10.064 session_init FATAL ERROR ] Another composite manager is already running
[ 2020-04-02 21:30:11.463 session_init FATAL ERROR ] Another composite manager is already running
[ 2020-04-02 21:53:30.464 session_init FATAL ERROR ] Another composite manager is already running
[ 2020-04-02 21:57:21.062 win_mark_client ERROR ] Failed to get client window attributes
[ 2020-04-02 21:57:21.093 session_init FATAL ERROR ] Another composite manager is already running
[ 2020-04-02 22:36:52.227 session_init FATAL ERROR ] Another composite manager is already running
[ 2020-04-02 23:27:18.089 session_init FATAL ERROR ] Another composite manager is already running
[ 2020-04-04 13:03:30.036 session_init FATAL ERROR ] Another composite manager is already running
[ 2020-04-04 13:04:05.237 win_mark_client ERROR ] Failed to get client window attributes
[ 2020-04-04 13:05:08.957 win_mark_client ERROR ] Failed to get client window attributes
[ 2020-04-04 13:05:09.640 win_mark_client ERROR ] Failed to get client window attributes
[ 2020-04-04 13:05:36.696 session_init FATAL ERROR ] Another composite manager is already running
[ 2020-04-04 13:06:38.666 win_mark_client ERROR ] Failed to get client window attributes
[ 2020-04-04 13:09:21.775 session_init FATAL ERROR ] Another composite manager is already running
[ 2020-04-04 13:10:36.209 session_init FATAL ERROR ] Another composite manager is already running
[ 2020-04-04 13:11:25.318 session_init FATAL ERROR ] Another composite manager is already running
[ 2020-04-04 13:55:50.533 session_init FATAL ERROR ] Another composite manager is already running
[ 2020-04-05 00:22:04.667 win_mark_client ERROR ] Failed to get client window attributes
[ 2020-04-05 00:22:04.711 session_init FATAL ERROR ] Another composite manager is already running
[ 2020-04-05 00:22:14.520 session_init FATAL ERROR ] Another composite manager is already running
[ 2020-04-05 00:23:43.093 session_init FATAL ERROR ] Another composite manager is already running
[ 2020-04-05 00:25:23.355 x_fence_sync ERROR ] Failed to trigger the fence (X error 136 XSyncBadFence request 134 minor 15 serial 1881)
[ 2020-04-05 00:25:23.355 paint_all_new ERROR ] x_fence_sync failed, xrender-sync-fence will be disabled from now on.
[ 2020-04-05 00:25:41.433 x_fence_sync ERROR ] Failed to trigger the fence (X error 136 XSyncBadFence request 134 minor 15 serial 1881)
[ 2020-04-05 00:25:41.433 paint_all_new ERROR ] x_fence_sync failed, xrender-sync-fence will be disabled from now on.
[ 2020-04-05 00:25:55.999 x_fence_sync ERROR ] Failed to trigger the fence (X error 136 XSyncBadFence request 134 minor 15 serial 1881)
[ 2020-04-05 00:25:55.999 paint_all_new ERROR ] x_fence_sync failed, xrender-sync-fence will be disabled from now on.
[ 2020-04-05 00:26:05.667 x_fence_sync ERROR ] Failed to trigger the fence (X error 136 XSyncBadFence request 134 minor 15 serial 1881)
[ 2020-04-05 00:26:05.667 paint_all_new ERROR ] x_fence_sync failed, xrender-sync-fence will be disabled from now on.
[ 2020-04-05 00:26:19.538 x_fence_sync ERROR ] Failed to trigger the fence (X error 136 XSyncBadFence request 134 minor 15 serial 1881)
[ 2020-04-05 00:26:19.538 paint_all_new ERROR ] x_fence_sync failed, xrender-sync-fence will be disabled from now on.
[ 2020-04-05 00:26:30.218 x_fence_sync ERROR ] Failed to trigger the fence (X error 136 XSyncBadFence request 134 minor 15 serial 1881)
[ 2020-04-05 00:26:30.218 paint_all_new ERROR ] x_fence_sync failed, xrender-sync-fence will be disabled from now on.
[ 2020-04-05 00:26:47.167 x_fence_sync ERROR ] Failed to trigger the fence (X error 136 XSyncBadFence request 134 minor 15 serial 1879)
[ 2020-04-05 00:26:47.167 paint_all_new ERROR ] x_fence_sync failed, xrender-sync-fence will be disabled from now on.
[ 2020-04-05 00:27:11.753 x_fence_sync ERROR ] Failed to trigger the fence (X error 136 XSyncBadFence request 134 minor 15 serial 1871)
[ 2020-04-05 00:27:11.753 paint_all_new ERROR ] x_fence_sync failed, xrender-sync-fence will be disabled from now on.
[ 2020-04-05 00:27:18.970 x_fence_sync ERROR ] Failed to trigger the fence (X error 136 XSyncBadFence request 134 minor 15 serial 1915)
[ 2020-04-05 00:27:18.970 paint_all_new ERROR ] x_fence_sync failed, xrender-sync-fence will be disabled from now on.
[ 2020-04-05 00:27:30.877 x_fence_sync ERROR ] Failed to trigger the fence (X error 136 XSyncBadFence request 134 minor 15 serial 364)
[ 2020-04-05 00:27:30.877 paint_all_new ERROR ] x_fence_sync failed, xrender-sync-fence will be disabled from now on.
[ 2020-04-05 00:27:47.215 x_fence_sync ERROR ] Failed to trigger the fence (X error 136 XSyncBadFence request 134 minor 15 serial 354)
[ 2020-04-05 00:27:47.215 paint_all_new ERROR ] x_fence_sync failed, xrender-sync-fence will be disabled from now on.
[ 2020-04-05 00:27:53.382 x_fence_sync ERROR ] Failed to trigger the fence (X error 136 XSyncBadFence request 134 minor 15 serial 354)
[ 2020-04-05 00:27:53.382 paint_all_new ERROR ] x_fence_sync failed, xrender-sync-fence will be disabled from now on.
[ 2020-04-05 00:28:02.028 x_fence_sync ERROR ] Failed to trigger the fence (X error 136 XSyncBadFence request 134 minor 15 serial 354)
[ 2020-04-05 00:28:02.028 paint_all_new ERROR ] x_fence_sync failed, xrender-sync-fence will be disabled from now on.
[ 2020-04-05 00:28:15.654 x_fence_sync ERROR ] Failed to trigger the fence (X error 136 XSyncBadFence request 134 minor 15 serial 435)
[ 2020-04-05 00:28:15.654 paint_all_new ERROR ] x_fence_sync failed, xrender-sync-fence will be disabled from now on.
[ 2020-04-05 00:28:21.564 x_fence_sync ERROR ] Failed to trigger the fence (X error 136 XSyncBadFence request 134 minor 15 serial 435)
[ 2020-04-05 00:28:21.564 paint_all_new ERROR ] x_fence_sync failed, xrender-sync-fence will be disabled from now on.
[ 2020-04-05 00:28:31.034 x_fence_sync ERROR ] Failed to trigger the fence (X error 136 XSyncBadFence request 134 minor 15 serial 435)
[ 2020-04-05 00:28:31.034 paint_all_new ERROR ] x_fence_sync failed, xrender-sync-fence will be disabled from now on.
[ 2020-04-05 00:28:52.403 x_fence_sync ERROR ] Failed to trigger the fence (X error 136 XSyncBadFence request 134 minor 15 serial 425)
[ 2020-04-05 00:28:52.403 paint_all_new ERROR ] x_fence_sync failed, xrender-sync-fence will be disabled from now on.
[ 2020-04-05 00:29:07.652 x_fence_sync ERROR ] Failed to trigger the fence (X error 136 XSyncBadFence request 134 minor 15 serial 435)
[ 2020-04-05 00:29:07.652 paint_all_new ERROR ] x_fence_sync failed, xrender-sync-fence will be disabled from now on.
[ 2020-04-05 00:29:57.128 x_fence_sync ERROR ] Failed to trigger the fence (X error 136 XSyncBadFence request 134 minor 15 serial 435)
[ 2020-04-05 00:29:57.129 paint_all_new ERROR ] x_fence_sync failed, xrender-sync-fence will be disabled from now on.
[ 2020-04-05 00:30:14.078 x_fence_sync ERROR ] Failed to trigger the fence (X error 136 XSyncBadFence request 134 minor 15 serial 435)
[ 2020-04-05 00:30:14.078 paint_all_new ERROR ] x_fence_sync failed, xrender-sync-fence will be disabled from now on.
[ 2020-04-05 00:30:29.616 x_fence_sync ERROR ] Failed to trigger the fence (X error 136 XSyncBadFence request 134 minor 15 serial 435)
[ 2020-04-05 00:30:29.616 paint_all_new ERROR ] x_fence_sync failed, xrender-sync-fence will be disabled from now on.
[ 2020-04-05 00:30:41.583 x_fence_sync ERROR ] Failed to trigger the fence (X error 136 XSyncBadFence request 134 minor 15 serial 435)
[ 2020-04-05 00:30:41.583 paint_all_new ERROR ] x_fence_sync failed, xrender-sync-fence will be disabled from now on.
[ 2020-04-05 00:30:50.307 x_fence_sync ERROR ] Failed to trigger the fence (X error 136 XSyncBadFence request 134 minor 15 serial 435)
[ 2020-04-05 00:30:50.307 paint_all_new ERROR ] x_fence_sync failed, xrender-sync-fence will be disabled from now on.
[ 2020-04-05 00:31:01.219 x_fence_sync ERROR ] Failed to trigger the fence (X error 136 XSyncBadFence request 134 minor 15 serial 435)
[ 2020-04-05 00:31:01.219 paint_all_new ERROR ] x_fence_sync failed, xrender-sync-fence will be disabled from now on.
[ 2020-04-05 00:31:15.764 x_fence_sync ERROR ] Failed to trigger the fence (X error 136 XSyncBadFence request 134 minor 15 serial 435)
[ 2020-04-05 00:31:15.764 paint_all_new ERROR ] x_fence_sync failed, xrender-sync-fence will be disabled from now on.
[ 2020-04-05 00:31:23.952 x_fence_sync ERROR ] Failed to trigger the fence (X error 136 XSyncBadFence request 134 minor 15 serial 435)
[ 2020-04-05 00:31:23.952 paint_all_new ERROR ] x_fence_sync failed, xrender-sync-fence will be disabled from now on.
[ 2020-04-05 00:31:30.186 x_fence_sync ERROR ] Failed to trigger the fence (X error 136 XSyncBadFence request 134 minor 15 serial 435)
[ 2020-04-05 00:31:30.186 paint_all_new ERROR ] x_fence_sync failed, xrender-sync-fence will be disabled from now on.
[ 2020-04-05 00:31:38.230 x_fence_sync ERROR ] Failed to trigger the fence (X error 136 XSyncBadFence request 134 minor 15 serial 435)
[ 2020-04-05 00:31:38.230 paint_all_new ERROR ] x_fence_sync failed, xrender-sync-fence will be disabled from now on.
[ 2020-04-05 00:31:43.784 x_fence_sync ERROR ] Failed to trigger the fence (X error 136 XSyncBadFence request 134 minor 15 serial 435)
[ 2020-04-05 00:31:43.784 paint_all_new ERROR ] x_fence_sync failed, xrender-sync-fence will be disabled from now on.
[ 2020-04-05 00:31:50.016 x_fence_sync ERROR ] Failed to trigger the fence (X error 136 XSyncBadFence request 134 minor 15 serial 435)
[ 2020-04-05 00:31:50.016 paint_all_new ERROR ] x_fence_sync failed, xrender-sync-fence will be disabled from now on.
[ 2020-04-05 00:31:57.149 x_fence_sync ERROR ] Failed to trigger the fence (X error 136 XSyncBadFence request 134 minor 15 serial 435)
[ 2020-04-05 00:31:57.149 paint_all_new ERROR ] x_fence_sync failed, xrender-sync-fence will be disabled from now on.
[ 2020-04-05 00:32:03.833 x_fence_sync ERROR ] Failed to trigger the fence (X error 136 XSyncBadFence request 134 minor 15 serial 435)
[ 2020-04-05 00:32:03.833 paint_all_new ERROR ] x_fence_sync failed, xrender-sync-fence will be disabled from now on.
[ 2020-04-05 00:32:10.817 x_fence_sync ERROR ] Failed to trigger the fence (X error 136 XSyncBadFence request 134 minor 15 serial 435)
[ 2020-04-05 00:32:10.817 paint_all_new ERROR ] x_fence_sync failed, xrender-sync-fence will be disabled from now on.
[ 2020-04-05 00:32:21.153 x_fence_sync ERROR ] Failed to trigger the fence (X error 136 XSyncBadFence request 134 minor 15 serial 435)
[ 2020-04-05 00:32:21.153 paint_all_new ERROR ] x_fence_sync failed, xrender-sync-fence will be disabled from now on.
[ 2020-04-05 00:32:35.537 x_fence_sync ERROR ] Failed to trigger the fence (X error 136 XSyncBadFence request 134 minor 15 serial 435)
[ 2020-04-05 00:32:35.537 paint_all_new ERROR ] x_fence_sync failed, xrender-sync-fence will be disabled from now on.
[ 2020-04-05 00:32:49.357 x_fence_sync ERROR ] Failed to trigger the fence (X error 136 XSyncBadFence request 134 minor 15 serial 435)
[ 2020-04-05 00:32:49.357 paint_all_new ERROR ] x_fence_sync failed, xrender-sync-fence will be disabled from now on.
[ 2020-04-05 00:34:04.057 x_fence_sync ERROR ] Failed to trigger the fence (X error 136 XSyncBadFence request 134 minor 15 serial 435)
[ 2020-04-05 00:34:04.057 paint_all_new ERROR ] x_fence_sync failed, xrender-sync-fence will be disabled from now on.
[ 2020-04-05 00:34:13.876 x_fence_sync ERROR ] Failed to trigger the fence (X error 136 XSyncBadFence request 134 minor 15 serial 435)
[ 2020-04-05 00:34:13.876 paint_all_new ERROR ] x_fence_sync failed, xrender-sync-fence will be disabled from now on.
[ 2020-04-05 00:35:01.207 x_fence_sync ERROR ] Failed to trigger the fence (X error 136 XSyncBadFence request 134 minor 15 serial 425)
[ 2020-04-05 00:35:01.207 paint_all_new ERROR ] x_fence_sync failed, xrender-sync-fence will be disabled from now on.
[ 2020-04-05 00:35:17.662 x_fence_sync ERROR ] Failed to trigger the fence (X error 136 XSyncBadFence request 134 minor 15 serial 1936)
[ 2020-04-05 00:35:17.662 paint_all_new ERROR ] x_fence_sync failed, xrender-sync-fence will be disabled from now on.
[ 2020-04-05 00:35:31.709 x_fence_sync ERROR ] Failed to trigger the fence (X error 136 XSyncBadFence request 134 minor 15 serial 1873)
[ 2020-04-05 00:35:31.709 paint_all_new ERROR ] x_fence_sync failed, xrender-sync-fence will be disabled from now on.
[ 2020-04-05 01:00:27.201 session_init FATAL ERROR ] Another composite manager is already running
[ 2020-04-05 01:02:33.200 session_init FATAL ERROR ] Another composite manager is already running
[ 2020-04-05 01:07:31.722 session_init FATAL ERROR ] Another composite manager is already running
[ 2020-04-05 01:07:55.408 session_init FATAL ERROR ] Another composite manager is already running
[ 2020-04-05 01:08:34.040 session_init FATAL ERROR ] Another composite manager is already running
[ 2020-04-05 01:09:24.775 win_mark_client ERROR ] Failed to get client window attributes
[ 2020-04-05 01:09:51.365 session_init FATAL ERROR ] Another composite manager is already running
[ 2020-04-05 01:11:02.348 session_init FATAL ERROR ] Another composite manager is already running
[ 2020-04-05 02:07:00.632 session_init FATAL ERROR ] Another composite manager is already running
[ 2020-04-05 02:07:56.376 win_mark_client ERROR ] Failed to get client window attributes
[ 2020-04-05 02:07:56.395 session_init FATAL ERROR ] Another composite manager is already running
[ 2020-04-05 02:09:06.524 session_init FATAL ERROR ] Another composite manager is already running
[ 2020-04-05 02:09:25.700 session_init FATAL ERROR ] Another composite manager is already running
[ 2020-04-05 02:10:10.745 win_mark_client ERROR ] Failed to get client window attributes
[ 2020-04-05 02:10:23.211 win_mark_client ERROR ] Failed to get client window attributes
[ 2020-04-05 02:10:25.562 win_mark_client ERROR ] Failed to get client window attributes
[ 2020-04-05 02:10:39.128 win_mark_client ERROR ] Failed to get client window attributes
[ 2020-04-05 02:10:40.783 win_mark_client ERROR ] Failed to get client window attributes
[ 2020-04-05 02:11:02.019 session_init FATAL ERROR ] Another composite manager is already running
[ 2020-04-05 02:11:20.312 win_mark_client ERROR ] Failed to get client window attributes
[ 2020-04-05 02:11:20.369 session_init FATAL ERROR ] Another composite manager is already running
[ 2020-04-05 02:11:45.444 win_mark_client ERROR ] Failed to get client window attributes
[ 2020-04-05 02:11:46.832 win_mark_client ERROR ] Failed to get client window attributes
[ 2020-04-05 02:11:47.662 win_mark_client ERROR ] Failed to get client window attributes
[ 2020-04-05 02:12:01.620 session_init FATAL ERROR ] Another composite manager is already running
[ 2020-04-05 02:12:54.373 session_init FATAL ERROR ] Another composite manager is already running
[ 2020-04-05 02:13:44.084 session_init FATAL ERROR ] Another composite manager is already running
[ 2020-04-05 02:15:33.657 session_init FATAL ERROR ] Another composite manager is already running
[ 2020-04-05 02:15:53.909 session_init FATAL ERROR ] Another composite manager is already running
[ 2020-04-05 02:16:15.385 session_init FATAL ERROR ] Another composite manager is already running
[ 2020-04-05 02:16:37.809 win_mark_client ERROR ] Failed to get client window attributes
[ 2020-04-05 02:16:39.359 win_mark_client ERROR ] Failed to get client window attributes
[ 2020-04-05 02:16:40.969 win_mark_client ERROR ] Failed to get client window attributes
[ 2020-04-05 02:16:45.667 win_mark_client ERROR ] Failed to get client window attributes
[ 2020-04-05 02:17:15.434 win_mark_client ERROR ] Failed to get client window attributes
[ 2020-04-05 02:17:15.473 session_init FATAL ERROR ] Another composite manager is already running
[ 2020-04-05 02:17:26.168 win_mark_client ERROR ] Failed to get client window attributes
[ 2020-04-05 02:17:26.237 session_init FATAL ERROR ] Another composite manager is already running
[ 2020-04-05 02:18:13.287 session_init FATAL ERROR ] Another composite manager is already running
[ 2020-04-05 02:19:17.786 win_mark_client ERROR ] Failed to get client window attributes
[ 2020-04-05 02:19:17.828 session_init FATAL ERROR ] Another composite manager is already running
[ 2020-04-05 02:19:37.695 session_init FATAL ERROR ] Another composite manager is already running
[ 2020-04-05 02:20:17.104 session_init FATAL ERROR ] Another composite manager is already running
[ 2020-04-05 02:20:28.454 session_init FATAL ERROR ] Another composite manager is already running
[ 2020-04-05 02:20:40.454 win_mark_client ERROR ] Failed to get client window attributes
[ 2020-04-05 02:20:40.562 session_init FATAL ERROR ] Another composite manager is already running
[ 2020-04-05 02:20:51.421 win_mark_client ERROR ] Failed to get client window attributes
[ 2020-04-05 02:20:51.440 session_init FATAL ERROR ] Another composite manager is already running
[ 2020-04-05 02:21:37.357 session_init FATAL ERROR ] Another composite manager is already running
[ 2020-04-05 02:21:49.788 win_mark_client ERROR ] Failed to get client window attributes
[ 2020-04-05 02:21:51.346 win_mark_client ERROR ] Failed to get client window attributes
[ 2020-04-05 02:22:23.389 session_init FATAL ERROR ] Another composite manager is already running
[ 2020-04-05 02:22:27.355 win_mark_client ERROR ] Failed to get client window attributes
[ 2020-04-05 02:22:28.172 win_mark_client ERROR ] Failed to get client window attributes
